<?xml version="1.0" encoding="UTF-8" ?>
<testsuite errors="0" failures="0" hostname="faith" name="InstanciaIT" skipped="0" tests="10" time="0.213" timestamp="2018-06-05T00:58:38">
  <properties>
    <property name="netbeans.autoupdate.country" value="US" />
    <property name="javac.test.classpath" value="/home/lurianne/Documents/sis2/Fail/2doRound/lib/../postgresql-42.2.2.jar:lib/jcalendar-1.4.jar:build/classes:/home/lurianne/Documents/sis2/Fail/2doRound/lib/junit_4/junit-4.12.jar:/home/lurianne/Documents/sis2/Fail/2doRound/lib/hamcrest/hamcrest-core-1.3.jar" />
    <property name="javac.includes" value="InstanciaIT.java" />
    <property name="ant.core.lib" value="/home/lurianne/netbeans-8.2/extide/ant/lib/ant.jar" />
    <property name="javadoc.windowtitle" value="" />
    <property name="user.dir" value="/home/lurianne/Documents/sis2/Fail/2doRound" />
    <property name="java.vm.version" value="25.171-b11" />
    <property name="libs.MySQLDriver.classpath" value="/home/lurianne/netbeans-8.2/ide/modules/ext/mysql-connector-java-5.1.23-bin.jar" />
    <property name="libs.eclipselinkmodelgen.src" value="" />
    <property name="javadoc.notree" value="false" />
    <property name="netbeans.autoupdate.version" value="1.23" />
    <property name="netbeans.running.environment" value="gnome" />
    <property name="javac.profile.cmd.line.arg" value="" />
    <property name="jdk.home" value="/usr/lib/jvm/java-8-openjdk-amd64" />
    <property name="libs.javac-api.src" value="" />
    <property name="javadoc.noindex" value="false" />
    <property name="libs.jpa2-persistence.classpath" value="/home/lurianne/netbeans-8.2/java/modules/ext/hibernate4/hibernate-jpa-2.1-api-1.0.0.Final.jar" />
    <property name="sun.os.patch.level" value="unknown" />
    <property name="do.archive+manifest.available" value="true" />
    <property name="java.vm.specification.name" value="Java Virtual Machine Specification" />
    <property name="nb.show.statistics.ui" value="usageStatisticsEnabled" />
    <property name="netbeans.autoupdate.variant" value="" />
    <property name="have.tests" value="true" />
    <property name="addExports:java.desktop/com.sun.java.swing.plaf.gtk" value="ALL-UNNAMED" />
    <property name="org.xml.sax.driver" value="com.sun.org.apache.xerces.internal.jaxp.SAXParserImpl$JAXPSAXParser" />
    <property name="libs.hamcrest.classpath" value="/home/lurianne/Documents/sis2/Fail/2doRound/lib/hamcrest/hamcrest-core-1.3.jar" />
    <property name="libs.javac-api.javadoc" value="" />
    <property name="os.name" value="Linux" />
    <property name="test.class" value="InstanciaIT" />
    <property name="file.reference.jcalendar-1.4.jar" value="lib/jcalendar-1.4.jar" />
    <property name="libs.beans-binding.classpath" value="/home/lurianne/netbeans-8.2/java/modules/ext/beansbinding-1.2.1.jar" />
    <property name="ap.proc.none.internal" value="" />
    <property name="libs.JWSAntTasks.maven-pom" value="" />
    <property name="libs.testng.src" value="" />
    <property name="java.vendor.url.bug" value="http://bugreport.sun.com/bugreport/" />
    <property name="libs.jaxb.maven-pom" value="" />
    <property name="os.arch" value="amd64" />
    <property name="libs.eclipselink.src" value="" />
    <property name="user.name" value="lurianne" />
    <property name="copylibs.rebase" value="true" />
    <property name="libs.swing-layout.maven-pom" value="" />
    <property name="sun.java.command" value="org.apache.tools.ant.taskdefs.optional.junit.JUnitTestRunner InstanciaIT skipNonTests=false filtertrace=true haltOnError=false haltOnFailure=false showoutput=true outputtoformatters=true logfailedtests=true threadid=0 logtestlistenerevents=true formatter=org.apache.tools.ant.taskdefs.optional.junit.BriefJUnitResultFormatter formatter=org.apache.tools.ant.taskdefs.optional.junit.XMLJUnitResultFormatter,/home/lurianne/Documents/sis2/Fail/2doRound/build/test/results/TEST-InstanciaIT.xml crashfile=/home/lurianne/Documents/sis2/Fail/2doRound/build/junitvmwatcher4150746842779171557.properties propsfile=/home/lurianne/Documents/sis2/Fail/2doRound/build/junit2796852776130293568.properties" />
    <property name="build.classes.dir" value="build/classes" />
    <property name="netbeans.accept_license_class" value="org.netbeans.license.AcceptLicense" />
    <property name="ant.file.type.Test" value="file" />
    <property name="build.sysclasspath" value="ignore" />
    <property name="manifest.encoding" value="UTF-8" />
    <property name="ap.supported.internal" value="true" />
    <property name="java.failonerror" value="true" />
    <property name="libs.jaxws21.javadoc" value="/home/lurianne/netbeans-8.2/java/docs/jaxws-api-doc.zip" />
    <property name="includes" value="**" />
    <property name="user.country" value="US" />
    <property name="manifest.file" value="manifest.mf" />
    <property name="addExports:java.desktop/sun.awt" value="ALL-UNNAMED" />
    <property name="javadoc.encoding" value="UTF-8" />
    <property name="javac.classpath" value="/home/lurianne/Documents/sis2/Fail/2doRound/lib/../postgresql-42.2.2.jar:lib/jcalendar-1.4.jar" />
    <property name="libs.spring-framework400.classpath" value="/home/lurianne/netbeans-8.2/ide/modules/org-apache-commons-logging.jar:/home/lurianne/netbeans-8.2/java/modules/ext/cglib-2.2.jar:/home/lurianne/netbeans-8.2/java/modules/ext/spring-4/spring-aop-4.0.1.RELEASE.jar:/home/lurianne/netbeans-8.2/java/modules/ext/spring-4/spring-aspects-4.0.1.RELEASE.jar:/home/lurianne/netbeans-8.2/java/modules/ext/spring-4/spring-beans-4.0.1.RELEASE.jar:/home/lurianne/netbeans-8.2/java/modules/ext/spring-4/spring-build-src-4.0.1.RELEASE.jar:/home/lurianne/netbeans-8.2/java/modules/ext/spring-4/spring-context-4.0.1.RELEASE.jar:/home/lurianne/netbeans-8.2/java/modules/ext/spring-4/spring-context-support-4.0.1.RELEASE.jar:/home/lurianne/netbeans-8.2/java/modules/ext/spring-4/spring-core-4.0.1.RELEASE.jar:/home/lurianne/netbeans-8.2/java/modules/ext/spring-4/spring-expression-4.0.1.RELEASE.jar:/home/lurianne/netbeans-8.2/java/modules/ext/spring-4/spring-framework-bom-4.0.1.RELEASE.jar:/home/lurianne/netbeans-8.2/java/modules/ext/spring-4/spring-instrument-4.0.1.RELEASE.jar:/home/lurianne/netbeans-8.2/java/modules/ext/spring-4/spring-instrument-tomcat-4.0.1.RELEASE.jar:/home/lurianne/netbeans-8.2/java/modules/ext/spring-4/spring-jdbc-4.0.1.RELEASE.jar:/home/lurianne/netbeans-8.2/java/modules/ext/spring-4/spring-jms-4.0.1.RELEASE.jar:/home/lurianne/netbeans-8.2/java/modules/ext/spring-4/spring-messaging-4.0.1.RELEASE.jar:/home/lurianne/netbeans-8.2/java/modules/ext/spring-4/spring-orm-4.0.1.RELEASE.jar:/home/lurianne/netbeans-8.2/java/modules/ext/spring-4/spring-oxm-4.0.1.RELEASE.jar:/home/lurianne/netbeans-8.2/java/modules/ext/spring-4/spring-test-4.0.1.RELEASE.jar:/home/lurianne/netbeans-8.2/java/modules/ext/spring-4/spring-tx-4.0.1.RELEASE.jar:/home/lurianne/netbeans-8.2/java/modules/ext/spring-4/spring-web-4.0.1.RELEASE.jar:/home/lurianne/netbeans-8.2/java/modules/ext/spring-4/spring-webmvc-4.0.1.RELEASE.jar:/home/lurianne/netbeans-8.2/java/modules/ext/spring-4/spring-webmvc-portlet-4.0.1.RELEASE.jar:/home/lurianne/netbeans-8.2/java/modules/ext/spring-4/spring-websocket-4.0.1.RELEASE.jar" />
    <property name="debug-transport" value="dt_socket" />
    <property name="netbeans.home" value="/home/lurianne/netbeans-8.2/platform" />
    <property name="build.compiler.emacs" value="true" />
    <property name="java.endorsed.dirs" value="/usr/lib/jvm/java-8-openjdk-amd64/jre/lib/endorsed" />
    <property name="test.includes" value="InstanciaIT.java" />
    <property name="&gt;&gt;&gt;&gt;&gt;&gt;&gt;" value="5ae65149879e3eb50f4d1f9a5fe8026b1e56c060" />
    <property name="netbeans.dynamic.classpath" value="/home/lurianne/netbeans-8.2/platform/core/core.jar:/home/lurianne/netbeans-8.2/platform/core/org-openide-filesystems.jar:/home/lurianne/netbeans-8.2/platform/core/core-base.jar:/home/lurianne/netbeans-8.2/platform/core/org-openide-filesystems-compat8.jar:/home/lurianne/netbeans-8.2/platform/core/asm-all-5.0.1.jar:/home/lurianne/netbeans-8.2/platform/core/org-netbeans-libs-asm.jar:/home/lurianne/netbeans-8.2/platform/core/locale/org-openide-filesystems_ru.jar:/home/lurianne/netbeans-8.2/platform/core/locale/org-netbeans-libs-asm_zh_CN.jar:/home/lurianne/netbeans-8.2/platform/core/locale/org-netbeans-libs-asm_ru.jar:/home/lurianne/netbeans-8.2/platform/core/locale/org-openide-filesystems-compat8_ja.jar:/home/lurianne/netbeans-8.2/platform/core/locale/org-netbeans-libs-asm_pt_BR.jar:/home/lurianne/netbeans-8.2/platform/core/locale/core-base_ru.jar:/home/lurianne/netbeans-8.2/platform/core/locale/org-openide-filesystems-compat8_pt_BR.jar:/home/lurianne/netbeans-8.2/platform/core/locale/core_ru.jar:/home/lurianne/netbeans-8.2/platform/core/locale/org-openide-filesystems-compat8_ru.jar:/home/lurianne/netbeans-8.2/platform/core/locale/org-openide-filesystems_zh_CN.jar:/home/lurianne/netbeans-8.2/platform/core/locale/org-netbeans-libs-asm_ja.jar:/home/lurianne/netbeans-8.2/platform/core/locale/org-openide-filesystems_pt_BR.jar:/home/lurianne/netbeans-8.2/platform/core/locale/core-base_pt_BR.jar:/home/lurianne/netbeans-8.2/platform/core/locale/core-base_zh_CN.jar:/home/lurianne/netbeans-8.2/platform/core/locale/core-base_ja.jar:/home/lurianne/netbeans-8.2/platform/core/locale/org-openide-filesystems-compat8_zh_CN.jar:/home/lurianne/netbeans-8.2/platform/core/locale/core_ja.jar:/home/lurianne/netbeans-8.2/platform/core/locale/core_zh_CN.jar:/home/lurianne/netbeans-8.2/platform/core/locale/org-openide-filesystems_ja.jar:/home/lurianne/netbeans-8.2/platform/core/locale/core_pt_BR.jar:/home/lurianne/netbeans-8.2/nb/core/org-netbeans-upgrader.jar:/home/lurianne/netbeans-8.2/nb/core/locale/org-netbeans-upgrader_zh_CN.jar:/home/lurianne/netbeans-8.2/nb/core/locale/org-netbeans-upgrader_ru.jar:/home/lurianne/netbeans-8.2/nb/core/locale/org-netbeans-upgrader_ja.jar:/home/lurianne/netbeans-8.2/nb/core/locale/core_nb_zh_CN.jar:/home/lurianne/netbeans-8.2/nb/core/locale/core_nb_ja.jar:/home/lurianne/netbeans-8.2/nb/core/locale/org-netbeans-upgrader_pt_BR.jar:/home/lurianne/netbeans-8.2/nb/core/locale/core_nb_ru.jar:/home/lurianne/netbeans-8.2/nb/core/locale/core_nb_pt_BR.jar:/home/lurianne/netbeans-8.2/nb/core/locale/core_nb.jar" />
    <property name="java.vm.specification.version" value="1.8" />
    <property name="libs.hibernate4-support.src" value="" />
    <property name="netbeans.productversion" value="NetBeans IDE 8.2 (Build 201609300101)" />
    <property name="libs.jaxws21.src" value="" />
    <property name="application.title" value="Test" />
    <property name="do.archive" value="true" />
    <property name="netbeans.autoupdate.language" value="en" />
    <property name="java.vendor" value="Oracle Corporation" />
    <property name="sun.font.fontmanager" value="sun.awt.X11FontManager" />
    <property name="jar.index.metainf" value="false" />
    <property name="javac.debug" value="true" />
    <property name="javadoc.splitindex" value="true" />
    <property name="file.separator" value="/" />
    <property name="javac.includesfile.binary" value="/home/lurianne/Documents/sis2/Fail/2doRound/null1974778921" />
    <property name="libs.junit_4.maven-pom" value="" />
    <property name="mkdist.disabled" value="false" />
    <property name="javac.test.processorpath" value="/home/lurianne/Documents/sis2/Fail/2doRound/lib/../postgresql-42.2.2.jar:lib/jcalendar-1.4.jar:build/classes:/home/lurianne/Documents/sis2/Fail/2doRound/lib/junit_4/junit-4.12.jar:/home/lurianne/Documents/sis2/Fail/2doRound/lib/hamcrest/hamcrest-core-1.3.jar" />
    <property name="netbeans.buildnumber" value="201609300101" />
    <property name="libs.JWSAntTasks.javadoc" value="" />
    <property name="javax.accessibility.assistive_technologies" value="org.GNOME.Accessibility.AtkWrapper" />
    <property name="build.generated.sources.dir" value="build/generated-sources" />
    <property name="libs.eclipselinkmodelgen.classpath" value="/home/lurianne/netbeans-8.2/java/modules/ext/eclipselink/org.eclipse.persistence.jpa.modelgen_2.5.2.v20140319-9ad6abd.jar" />
    <property name="sun.java.launcher" value="SUN_STANDARD" />
    <property name="libs.hibernate4-persistencemodelgen.javadoc" value="" />
    <property name="libs.jaxb.javadoc" value="/home/lurianne/netbeans-8.2/ide/docs/jaxb-api-doc.zip" />
    <property name="javac.includes.binary" value="/home/lurianne/Documents/sis2/Fail/2doRound/build/test/classes/InstanciaIT.class" />
    <property name="ant.home" value="/home/lurianne/netbeans-8.2/extide/ant" />
    <property name="libs.junit_4.src" value="/home/lurianne/Documents/sis2/Fail/2doRound/lib/junit_4/junit-4.12-sources.jar" />
    <property name="libs.testng.classpath" value="/home/lurianne/netbeans-8.2/platform/modules/ext/testng-6.8.1-dist.jar" />
    <property name="libs.absolutelayout.maven-pom" value="" />
    <property name="ant.java.version" value="1.8" />
    <property name="java.library.path" value="/usr/lib/jvm/java-8-openjdk-amd64/jre/lib/amd64:/usr/lib/jvm/java-8-openjdk-amd64/jre/lib/i386::/usr/java/packages/lib/amd64:/usr/lib/x86_64-linux-gnu/jni:/lib/x86_64-linux-gnu:/usr/lib/x86_64-linux-gnu:/usr/lib/jni:/lib:/usr/lib" />
    <property name="javadoc.author" value="false" />
    <property name="java.util.logging.config.class" value="org.netbeans.core.startup.TopLogging" />
    <property name="libs.spring-framework400.src" value="" />
    <property name="libs.PostgreSQLDriver.src" value="" />
    <property name="sun.arch.data.model" value="64" />
    <property name="basedir" value="/home/lurianne/Documents/sis2/Fail/2doRound" />
    <property name="libs.jpa20-persistence.maven-pom" value="" />
    <property name="jar.compress" value="false" />
    <property name="path.separator" value=":" />
    <property name="ant.junit.enabletestlistenerevents" value="true" />
    <property name="libs.junit_4.prop-maven-dependencies" value="junit:junit:4.12:jar" />
    <property name="sun.io.unicode.encoding" value="UnicodeLittle" />
    <property name="libs.jaxws21.classpath" value="/home/lurianne/netbeans-8.2/ide/modules/ext/jaxb/jaxb-impl.jar:/home/lurianne/netbeans-8.2/ide/modules/ext/jaxb/jaxb-xjc.jar:/home/lurianne/netbeans-8.2/java/modules/ext/jaxws22/FastInfoset.jar:/home/lurianne/netbeans-8.2/java/modules/ext/jaxws22/gmbal-api-only.jar:/home/lurianne/netbeans-8.2/java/modules/ext/jaxws22/ha-api.jar:/home/lurianne/netbeans-8.2/java/modules/ext/jaxws22/javax.mail_1.4.jar:/home/lurianne/netbeans-8.2/java/modules/ext/jaxws22/jaxws-rt.jar:/home/lurianne/netbeans-8.2/java/modules/ext/jaxws22/jaxws-tools.jar:/home/lurianne/netbeans-8.2/java/modules/ext/jaxws22/management-api.jar:/home/lurianne/netbeans-8.2/java/modules/ext/jaxws22/mimepull.jar:/home/lurianne/netbeans-8.2/java/modules/ext/jaxws22/policy.jar:/home/lurianne/netbeans-8.2/java/modules/ext/jaxws22/saaj-impl.jar:/home/lurianne/netbeans-8.2/java/modules/ext/jaxws22/stax-ex.jar:/home/lurianne/netbeans-8.2/java/modules/ext/jaxws22/stax2-api.jar:/home/lurianne/netbeans-8.2/java/modules/ext/jaxws22/streambuffer.jar:/home/lurianne/netbeans-8.2/java/modules/ext/jaxws22/woodstox-core-asl.jar:/home/lurianne/netbeans-8.2/java/modules/ext/jaxws22/api/jaxws-api.jar:/home/lurianne/netbeans-8.2/java/modules/ext/jaxws22/api/jsr181-api.jar:/home/lurianne/netbeans-8.2/java/modules/ext/jaxws22/api/javax.annotation.jar:/home/lurianne/netbeans-8.2/java/modules/ext/jaxws22/api/saaj-api.jar:/home/lurianne/netbeans-8.2/ide/modules/ext/jaxb/activation.jar:/home/lurianne/netbeans-8.2/ide/modules/ext/jaxb/api/jaxb-api.jar:/home/lurianne/netbeans-8.2/ide/modules/ext/jaxb/api/jsr173_1.0_api.jar" />
    <property name="compile.on.save" value="false" />
    <property name="apple.awt.graphics.UseQuartz" value="true" />
    <property name="addExports:java.desktop/sun.awt.im" value="ALL-UNNAMED" />
    <property name="user.language" value="en" />
    <property name="libs.hamcrest.displayName" value="Hamcrest 1.3" />
    <property name="testng.mode" value="testng" />
    <property name="libs.JAXB-ENDORSED.maven-pom" value="" />
    <property name="libs.eclipselink.maven-pom" value="" />
    <property name="application.vendor" value="CSAUMSS" />
    <property name="test.binaryincludes" value="&lt;nothing&gt;" />
    <property name="manifest.available" value="true" />
    <property name="libs.spring-framework300.maven-pom" value="" />
    <property name="run.test.classpath" value="/home/lurianne/Documents/sis2/Fail/2doRound/lib/../postgresql-42.2.2.jar:lib/jcalendar-1.4.jar:build/classes:/home/lurianne/Documents/sis2/Fail/2doRound/lib/junit_4/junit-4.12.jar:/home/lurianne/Documents/sis2/Fail/2doRound/lib/hamcrest/hamcrest-core-1.3.jar:build/test/classes" />
    <property name="ant.project.invoked-targets" value="test-single" />
    <property name="test.binaryexcludes" value="" />
    <property name="libs.swing-layout.javadoc" value="/home/lurianne/netbeans-8.2/platform/docs/swing-layout-1.0.4-doc.zip" />
    <property name="sun.java2d.dpiaware" value="true" />
    <property name="libs.hibernate4-persistence.maven-pom" value="" />
    <property name="addExports:java.base/jdk.internal.jrtfs" value="ALL-UNNAMED" />
    <property name="https.nonProxyHosts" value="localhost|127.0.0.1|faith" />
    <property name="libs.PostgreSQLDriver.maven-pom" value="" />
    <property name="java.class.version" value="52.0" />
    <property name="libs.hibernate4-persistencemodelgen.maven-pom" value="" />
    <property name="libs.eclipselink.javadoc" value="/home/lurianne/netbeans-8.2/java/modules/ext/docs/javax.persistence-2.1.0-doc.zip" />
    <property name="user.properties.file" value="/home/lurianne/.netbeans/8.2/build.properties" />
    <property name="runtime.encoding" value="UTF-8" />
    <property name="libs.javac-api.maven-pom" value="" />
    <property name="file.encoding.pkg" value="sun.io" />
    <property name="sun.cpu.endian" value="little" />
    <property name="libs.JAXB-ENDORSED.javadoc" value="" />
    <property name="libs.JWSAntTasks.classpath" value="/home/lurianne/netbeans-8.2/java/ant/extra/org-netbeans-modules-javawebstart-anttasks.jar" />
    <property name="libs.spring-framework300.src" value="" />
    <property name="empty.dir" value="/home/lurianne/Documents/sis2/Fail/2doRound/build/empty" />
    <property name="version-output" value="java version &quot;1.8" />
    <property name="test.binarytestincludes" value="" />
    <property name="libs.hibernate4-persistencemodelgen.src" value="" />
    <property name="javadoc.preview" value="true" />
    <property name="libs.jpa20-persistence.javadoc" value="/home/lurianne/netbeans-8.2/java/modules/ext/docs/javax.persistence-2.1.0-doc.zip" />
    <property name="java.home" value="/usr/lib/jvm/java-8-openjdk-amd64/jre" />
    <property name="debug.test.classpath" value="/home/lurianne/Documents/sis2/Fail/2doRound/lib/../postgresql-42.2.2.jar:lib/jcalendar-1.4.jar:build/classes:/home/lurianne/Documents/sis2/Fail/2doRound/lib/junit_4/junit-4.12.jar:/home/lurianne/Documents/sis2/Fail/2doRound/lib/hamcrest/hamcrest-core-1.3.jar:build/test/classes" />
    <property name="netbeans.importclass" value="org.netbeans.upgrade.AutoUpgrade" />
    <property name="ant.project.default-target" value="default" />
    <property name="annotation.processing.run.all.processors" value="true" />
    <property name="libs.PostgreSQLDriver.javadoc" value="" />
    <property name="libs.MySQLDriver.maven-pom" value="" />
    <property name="libraries.dir.nativedirsep" value="/home/lurianne/Documents/sis2/Fail/2doRound/lib" />
    <property name="libs.hibernate4-persistence.javadoc" value="/home/lurianne/netbeans-8.2/java/modules/ext/docs/javax.persistence-2.1.0-doc.zip" />
    <property name="http.nonProxyHosts" value="localhost|127.0.0.1|faith" />
    <property name="libs.junit_4.javadoc" value="/home/lurianne/Documents/sis2/Fail/2doRound/lib/junit_4/junit-4.12-javadoc.jar" />
    <property name="run.classpath" value="/home/lurianne/Documents/sis2/Fail/2doRound/lib/../postgresql-42.2.2.jar:lib/jcalendar-1.4.jar:build/classes" />
    <property name="jna.boot.library.name" value="jnidispatch-422" />
    <property name="sun.awt.datatransfer.timeout" value="1000" />
    <property name="libs.jpa2-persistence.maven-pom" value="" />
    <property name="annotation.processing.enabled.in.editor" value="false" />
    <property name="libs.hibernate4-support.classpath" value="/home/lurianne/netbeans-8.2/java/modules/ext/hibernate4/antlr-2.7.7.jar:/home/lurianne/netbeans-8.2/java/modules/ext/hibernate4/c3p0-0.9.2.1.jar:/home/lurianne/netbeans-8.2/java/modules/ext/hibernate4/hibernate-c3p0-4.3.1.Final.jar:/home/lurianne/netbeans-8.2/java/modules/ext/hibernate4/mchange-commons-java-0.2.3.4.jar:/home/lurianne/netbeans-8.2/java/modules/ext/hibernate4/dom4j-1.6.1.jar:/home/lurianne/netbeans-8.2/java/modules/ext/hibernate4/ehcache-core-2.4.3.jar:/home/lurianne/netbeans-8.2/java/modules/ext/hibernate4/hibernate-ehcache-4.3.1.Final.jar:/home/lurianne/netbeans-8.2/java/modules/ext/hibernate4/hibernate-core-4.3.1.Final.jar:/home/lurianne/netbeans-8.2/java/modules/ext/hibernate4/jboss-logging-3.1.3.GA.jar:/home/lurianne/netbeans-8.2/java/modules/ext/hibernate4/hibernate-commons-annotations-4.0.4.Final.jar:/home/lurianne/netbeans-8.2/java/modules/ext/hibernate4/hibernate-entitymanager-4.3.1.Final.jar:/home/lurianne/netbeans-8.2/java/modules/ext/hibernate4/javassist-3.18.1-GA.jar:/home/lurianne/netbeans-8.2/java/modules/ext/hibernate4/jboss-transaction-api_1.2_spec-1.0.0.Final.jar:/home/lurianne/netbeans-8.2/java/modules/ext/hibernate4/slf4j-api-1.6.1.jar:/home/lurianne/netbeans-8.2/java/modules/ext/hibernate4/slf4j-simple-1.6.1.jar" />
    <property name="nb.native.filechooser" value="false" />
    <property name="/home/lurianne/Documents/sis2/Fail/2doRound/lib/../postgresql-42.2.2.jar" value="" />
    <property name="sun.management.compiler" value="HotSpot 64-Bit Tiered Compilers" />
    <property name="javac.deprecation" value="false" />
    <property name="javadoc.use" value="true" />
    <property name="sun.java2d.noddraw" value="true" />
    <property name="javac.processorpath" value="/home/lurianne/Documents/sis2/Fail/2doRound/lib/../postgresql-42.2.2.jar:lib/jcalendar-1.4.jar" />
    <property name="libs.hamcrest.maven-pom" value="" />
    <property name="javac.compilerargs" value="" />
    <property name="ant.file" value="/home/lurianne/Documents/sis2/Fail/2doRound/build.xml" />
    <property name="libs.beans-binding.maven-pom" value="" />
    <property name="libs.hibernate4-support.javadoc" value="/home/lurianne/netbeans-8.2/java/modules/ext/docs/javax.persistence-2.1.0-doc.zip" />
    <property name="libs.beans-binding.src" value="" />
    <property name="java.vm.specification.vendor" value="Oracle Corporation" />
    <property name="libs.swing-layout.src" value="/home/lurianne/netbeans-8.2/platform/docs/swing-layout-1.0.4-src.zip" />
    <property name="org.openide.major.version" value="IDE/1" />
    <property name="java.vm.name" value="OpenJDK 64-Bit Server VM" />
    <property name="netbeans.user" value="/home/lurianne/.netbeans/8.2" />
    <property name="javadoc.additionalparam" value="" />
    <property name="java.io.tmpdir" value="/tmp" />
    <property name="java.vendor.url" value="http://java.oracle.com/" />
    <property name="endorsed.classpath.cmd.line.arg" value="" />
    <property name="jna.loaded" value="true" />
    <property name="junit.available" value="true" />
    <property name="libraries.basename" value="nblibraries" />
    <property name="sun.boot.library.path" value="/usr/lib/jvm/java-8-openjdk-amd64/jre/lib/amd64" />
    <property name="have.sources" value="true" />
    <property name="libs.hamcrest.javadoc" value="" />
    <property name="debug.classpath" value="/home/lurianne/Documents/sis2/Fail/2doRound/lib/../postgresql-42.2.2.jar:lib/jcalendar-1.4.jar:build/classes" />
    <property name="javac.external.vm" value="true" />
    <property name="javadoc.private" value="false" />
    <property name="test.src.dir" value="test" />
    <property name="ant.file.Test-impl" value="/home/lurianne/Documents/sis2/Fail/2doRound/nbproject/build-impl.xml" />
    <property name="ap.processors.internal" value="" />
    <property name="meta.inf.dir" value="src/META-INF" />
    <property name="javadoc.encoding.used" value="UTF-8" />
    <property name="dist.jar" value="dist/Test.jar" />
    <property name="libs.spring-framework400.maven-pom" value="" />
    <property name="java.runtime.name" value="OpenJDK Runtime Environment" />
    <property name="ant.project.name" value="Test" />
    <property name="netbeans.hash.code" value="unique=NB_EXTIDE_JAVA02888fd86-6209-4e61-b9ab-3cb05cdb391a_633be678-bbdd-42dd-a38a-f2756e175921" />
    <property name="netbeans.default_userdir_root" value="/home/lurianne/.netbeans" />
    <property name="sun.cpu.isalist" value="" />
    <property name="libs.PostgreSQLDriver.displayName" value="PostgreSQL JDBC Driver" />
    <property name="libs.spring-framework400.javadoc" value="" />
    <property name="libs.CopyLibs.javadoc" value="" />
    <property name="org.openide.specification.version" value="6.2" />
    <property name="user.home" value="/home/lurianne" />
    <property name="annotation.processing.processors.list" value="" />
    <property name="debug-args-line" value="-Xdebug" />
    <property name="libs.JWSAntTasks.src" value="" />
    <property name="jar.index" value="false" />
    <property name="libs.CopyLibs.maven-pom" value="" />
    <property name="libs.spring-framework300.javadoc" value="" />
    <property name="libs.absolutelayout.javadoc" value="" />
    <property name="java.specification.name" value="Java Platform API Specification" />
    <property name="libs.CopyLibs.prop-version" value="2.0" />
    <property name="libraries.dir" value="/home/lurianne/Documents/sis2/Fail/2doRound/lib" />
    <property name="do.archive+main.class.available" value="true" />
    <property name="java.specification.vendor" value="Oracle Corporation" />
    <property name="libs.javac-api.classpath" value="/home/lurianne/netbeans-8.2/java/modules/ext/nb-javac-api.jar" />
    <property name="java.version" value="1.8.0_171" />
    <property name="run.jvmargs.ide" value="" />
    <property name="javadoc.version" value="false" />
    <property name="libs.MySQLDriver.javadoc" value="" />
    <property name="org.openide.version" value="deprecated" />
    <property name="platform.java" value="/usr/lib/jvm/java-8-openjdk-amd64/jre/bin/java" />
    <property name="source.encoding" value="UTF-8" />
    <property name="ap.cmd.line.internal" value="" />
    <property name="libs.eclipselinkmodelgen.maven-pom" value="" />
    <property name="libs.eclipselinkmodelgen.javadoc" value="" />
    <property name="netbeans.home+have.tests" value="true" />
    <property name="annotation.processing.processor.options" value="" />
    <property name="libs.testng.maven-pom" value="" />
    <property name="libs.jaxb.src" value="" />
    <property name="work.dir" value="/home/lurianne/Documents/sis2/Fail/2doRound" />
    <property name="libs.jaxb.classpath" value="/home/lurianne/netbeans-8.2/ide/modules/ext/jaxb/jaxb-impl.jar:/home/lurianne/netbeans-8.2/ide/modules/ext/jaxb/jaxb-xjc.jar:/home/lurianne/netbeans-8.2/ide/modules/ext/jaxb/jaxb1-impl.jar:/home/lurianne/netbeans-8.2/ide/modules/ext/jaxb/activation.jar:/home/lurianne/netbeans-8.2/ide/modules/ext/jaxb/api/jaxb-api.jar:/home/lurianne/netbeans-8.2/ide/modules/ext/jaxb/api/jsr173_1.0_api.jar" />
    <property name="do.depend" value="false" />
    <property name="dist.javadoc.dir" value="dist/javadoc" />
    <property name="libs.swing-layout.classpath" value="/home/lurianne/netbeans-8.2/platform/modules/ext/swing-layout-1.0.4.jar" />
    <property name="build.generated.dir" value="build/generated" />
    <property name="javac.source" value="1.8" />
    <property name="line.separator" value="&#xa;" />
    <property name="java.specification.version" value="1.8" />
    <property name="libs.jaxws21.maven-pom" value="" />
    <property name="java.vm.info" value="mixed mode" />
    <property name="libraries.path" value="/home/lurianne/Documents/sis2/Fail/2doRound/lib/nblibraries.properties" />
    <property name="nb.junit.batch" value="true" />
    <property name="junit.forkmode" value="perTest" />
    <property name="addExports:java.management/sun.management" value="ALL-UNNAMED" />
    <property name="sun.boot.class.path" value="/usr/lib/jvm/java-8-openjdk-amd64/jre/lib/resources.jar:/usr/lib/jvm/java-8-openjdk-amd64/jre/lib/rt.jar:/usr/lib/jvm/java-8-openjdk-amd64/jre/lib/sunrsasign.jar:/usr/lib/jvm/java-8-openjdk-amd64/jre/lib/jsse.jar:/usr/lib/jvm/java-8-openjdk-amd64/jre/lib/jce.jar:/usr/lib/jvm/java-8-openjdk-amd64/jre/lib/charsets.jar:/usr/lib/jvm/java-8-openjdk-amd64/jre/lib/jfr.jar:/usr/lib/jvm/java-8-openjdk-amd64/jre/classes" />
    <property name="javac.target" value="1.8" />
    <property name="built-jar.properties" value="/home/lurianne/Documents/sis2/Fail/2doRound/build/built-jar.properties" />
    <property name="build.test.classes.dir" value="build/test/classes" />
    <property name="src.dir" value="src" />
    <property name="annotation.processing.enabled" value="true" />
    <property name="libs.jpa2-persistence.src" value="" />
    <property name="ant.file.Test" value="/home/lurianne/Documents/sis2/Fail/2doRound/build.xml" />
    <property name="libs.jpa20-persistence.src" value="" />
    <property name="ant.file.type.Test-impl" value="file" />
    <property name="dist.dir" value="dist" />
    <property name="testng.debug.mode" value="" />
    <property name="javac.fork" value="true" />
    <property name="java.awt.printerjob" value="sun.print.PSPrinterJob" />
    <property name="default.javac.source" value="1.8" />
    <property name="debug-transport-by-os" value="dt_socket" />
    <property name="libs.MySQLDriver.src" value="" />
    <property name="sun.jnu.encoding" value="UTF-8" />
    <property name="java.runtime.version" value="1.8.0_171-8u171-b11-0ubuntu0.18.04.1-b11" />
    <property name="build.test.results.dir" value="build/test/results" />
    <property name="jna.platform.library.path" value="/usr/lib/x86_64-linux-gnu:/lib/x86_64-linux-gnu:/lib64:/usr/lib:/lib:/lib/i386-linux-gnu:/usr/lib/i386-linux-gnu:/usr/lib/i386-linux-gnu/sse2:/usr/lib/x86_64-linux-gnu/libfakeroot" />
    <property name="default.javac.target" value="1.8" />
    <property name="libs.hamcrest.prop-maven-dependencies" value="org.hamcrest:hamcrest-core:1.3:jar" />
    <property name="libs.junit_4.classpath" value="/home/lurianne/Documents/sis2/Fail/2doRound/lib/junit_4/junit-4.12.jar" />
    <property name="user.timezone" value="" />
    <property name="nb.junit.single" value="false" />
    <property name="libs.junit_4.displayName" value="JUnit 4.12" />
    <property name="netbeans.dirs" value="/home/lurianne/netbeans-8.2/nb:/home/lurianne/netbeans-8.2/ergonomics:/home/lurianne/netbeans-8.2/ide:/home/lurianne/netbeans-8.2/extide:/home/lurianne/netbeans-8.2/java:/home/lurianne/netbeans-8.2/apisupport:/home/lurianne/netbeans-8.2/webcommon:/home/lurianne/netbeans-8.2/websvccommon:/home/lurianne/netbeans-8.2/enterprise:/home/lurianne/netbeans-8.2/mobility:/home/lurianne/netbeans-8.2/profiler:/home/lurianne/netbeans-8.2/python:/home/lurianne/netbeans-8.2/php:/home/lurianne/netbeans-8.2/identity:/home/lurianne/netbeans-8.2/harness:/home/lurianne/netbeans-8.2/cnd:/home/lurianne/netbeans-8.2/cndext:/home/lurianne/netbeans-8.2/dlight:/home/lurianne/netbeans-8.2/groovy:/home/lurianne/netbeans-8.2/extra:/home/lurianne/netbeans-8.2/javacard:/home/lurianne/netbeans-8.2/javafx:" />
    <property name="java.ext.dirs" value="/usr/lib/jvm/java-8-openjdk-amd64/jre/lib/ext:/usr/java/packages/lib/ext" />
    <property name="endorsed.classpath" value="" />
    <property name="libs.absolutelayout.classpath" value="/home/lurianne/netbeans-8.2/java/modules/ext/AbsoluteLayout.jar" />
    <property name="excludes" value="" />
    <property name="libs.jpa2-persistence.javadoc" value="/home/lurianne/netbeans-8.2/java/modules/ext/docs/javax.persistence-2.1.0-doc.zip" />
    <property name="libs.PostgreSQLDriver.prop-maven-dependencies" value="org.postgresql:postgresql:9.4.1209:jar" />
    <property name="apple.laf.useScreenMenuBar" value="true" />
    <property name="java.class.path" value="/home/lurianne/Documents/sis2/Fail/2doRound/postgresql-42.2.2.jar:/home/lurianne/Documents/sis2/Fail/2doRound/lib/jcalendar-1.4.jar:/home/lurianne/Documents/sis2/Fail/2doRound/build/classes:/home/lurianne/Documents/sis2/Fail/2doRound/lib/junit_4/junit-4.12.jar:/home/lurianne/Documents/sis2/Fail/2doRound/lib/hamcrest/hamcrest-core-1.3.jar:/home/lurianne/Documents/sis2/Fail/2doRound/build/test/classes:/home/lurianne/netbeans-8.2/extide/ant/lib/ant-launcher.jar:/home/lurianne/netbeans-8.2/extide/ant/lib/ant.jar:/home/lurianne/netbeans-8.2/extide/ant/lib/ant-junit.jar:/home/lurianne/netbeans-8.2/extide/ant/lib/ant-junit4.jar" />
    <property name="addExports:java.desktop/java.awt.peer" value="ALL-UNNAMED" />
    <property name="addExports:java.desktop/com.sun.beans.editors" value="ALL-UNNAMED" />
    <property name="do.mkdist" value="true" />
    <property name="libs.absolutelayout.src" value="" />
    <property name="libs.jpa20-persistence.classpath" value="/home/lurianne/netbeans-8.2/java/modules/ext/eclipselink/javax.persistence_2.1.0.v201304241213.jar" />
    <property name="os.version" value="4.15.0-22-generic" />
    <property name="application.args" value="" />
    <property name="sun.awt.enableExtraMouseButtons" value="true" />
    <property name="main.class.available" value="true" />
    <property name="sun.desktop" value="gnome" />
    <property name="libs.hibernate4-persistence.src" value="" />
    <property name="libs.hibernate4-support.maven-pom" value="" />
    <property name="libs.JAXB-ENDORSED.classpath" value="/home/lurianne/netbeans-8.2/ide/modules/ext/jaxb/api/jaxb-api.jar" />
    <property name="nb.internal.action.name" value="run.single" />
    <property name="libs.eclipselink.classpath" value="/home/lurianne/netbeans-8.2/java/modules/ext/eclipselink/eclipselink.jar:/home/lurianne/netbeans-8.2/java/modules/ext/eclipselink/javax.persistence_2.1.0.v201304241213.jar:/home/lurianne/netbeans-8.2/java/modules/ext/eclipselink/org.eclipse.persistence.jpa.jpql_2.5.2.v20140319-9ad6abd.jar" />
    <property name="libs.beans-binding.javadoc" value="/home/lurianne/netbeans-8.2/java/docs/beansbinding-1.2.1-doc.zip" />
    <property name="java.awt.graphicsenv" value="sun.awt.X11GraphicsEnvironment" />
    <property name="java.vm.vendor" value="Oracle Corporation" />
    <property name="libs.CopyLibs.classpath" value="/home/lurianne/netbeans-8.2/java/ant/extra/org-netbeans-modules-java-j2seproject-copylibstask.jar" />
    <property name="libs.spring-framework300.classpath" value="/home/lurianne/netbeans-8.2/ide/modules/org-apache-commons-logging.jar:/home/lurianne/netbeans-8.2/java/modules/ext/cglib-2.2.jar:/home/lurianne/netbeans-8.2/java/modules/ext/spring-3.0/spring-aop-3.2.7.RELEASE.jar:/home/lurianne/netbeans-8.2/java/modules/ext/spring-3.0/spring-aspects-3.2.7.RELEASE.jar:/home/lurianne/netbeans-8.2/java/modules/ext/spring-3.0/spring-beans-3.2.7.RELEASE.jar:/home/lurianne/netbeans-8.2/java/modules/ext/spring-3.0/spring-build-src-3.2.7.RELEASE.jar:/home/lurianne/netbeans-8.2/java/modules/ext/spring-3.0/spring-context-3.2.7.RELEASE.jar:/home/lurianne/netbeans-8.2/java/modules/ext/spring-3.0/spring-context-support-3.2.7.RELEASE.jar:/home/lurianne/netbeans-8.2/java/modules/ext/spring-3.0/spring-core-3.2.7.RELEASE.jar:/home/lurianne/netbeans-8.2/java/modules/ext/spring-3.0/spring-expression-3.2.7.RELEASE.jar:/home/lurianne/netbeans-8.2/java/modules/ext/spring-3.0/spring-framework-bom-3.2.7.RELEASE.jar:/home/lurianne/netbeans-8.2/java/modules/ext/spring-3.0/spring-instrument-3.2.7.RELEASE.jar:/home/lurianne/netbeans-8.2/java/modules/ext/spring-3.0/spring-instrument-tomcat-3.2.7.RELEASE.jar:/home/lurianne/netbeans-8.2/java/modules/ext/spring-3.0/spring-jdbc-3.2.7.RELEASE.jar:/home/lurianne/netbeans-8.2/java/modules/ext/spring-3.0/spring-jms-3.2.7.RELEASE.jar:/home/lurianne/netbeans-8.2/java/modules/ext/spring-3.0/spring-orm-3.2.7.RELEASE.jar:/home/lurianne/netbeans-8.2/java/modules/ext/spring-3.0/spring-oxm-3.2.7.RELEASE.jar:/home/lurianne/netbeans-8.2/java/modules/ext/spring-3.0/spring-struts-3.2.7.RELEASE.jar:/home/lurianne/netbeans-8.2/java/modules/ext/spring-3.0/spring-test-3.2.7.RELEASE.jar:/home/lurianne/netbeans-8.2/java/modules/ext/spring-3.0/spring-tx-3.2.7.RELEASE.jar:/home/lurianne/netbeans-8.2/java/modules/ext/spring-3.0/spring-web-3.2.7.RELEASE.jar:/home/lurianne/netbeans-8.2/java/modules/ext/spring-3.0/spring-webmvc-3.2.7.RELEASE.jar:/home/lurianne/netbeans-8.2/java/modules/ext/spring-3.0/spring-webmvc-portlet-3.2.7.RELEASE.jar" />
    <property name="libs.hamcrest.src" value="" />
    <property name="run.jvmargs" value="" />
    <property name="libs.hibernate4-persistence.classpath" value="/home/lurianne/netbeans-8.2/java/modules/ext/hibernate4/antlr-2.7.7.jar:/home/lurianne/netbeans-8.2/java/modules/ext/hibernate4/c3p0-0.9.2.1.jar:/home/lurianne/netbeans-8.2/java/modules/ext/hibernate4/hibernate-c3p0-4.3.1.Final.jar:/home/lurianne/netbeans-8.2/java/modules/ext/hibernate4/mchange-commons-java-0.2.3.4.jar:/home/lurianne/netbeans-8.2/java/modules/ext/hibernate4/dom4j-1.6.1.jar:/home/lurianne/netbeans-8.2/java/modules/ext/hibernate4/ehcache-core-2.4.3.jar:/home/lurianne/netbeans-8.2/java/modules/ext/hibernate4/hibernate-ehcache-4.3.1.Final.jar:/home/lurianne/netbeans-8.2/java/modules/ext/hibernate4/hibernate-core-4.3.1.Final.jar:/home/lurianne/netbeans-8.2/java/modules/ext/hibernate4/jboss-logging-3.1.3.GA.jar:/home/lurianne/netbeans-8.2/java/modules/ext/hibernate4/hibernate-commons-annotations-4.0.4.Final.jar:/home/lurianne/netbeans-8.2/java/modules/ext/hibernate4/hibernate-entitymanager-4.3.1.Final.jar:/home/lurianne/netbeans-8.2/java/modules/ext/hibernate4/javassist-3.18.1-GA.jar:/home/lurianne/netbeans-8.2/java/modules/ext/hibernate4/jboss-transaction-api_1.2_spec-1.0.0.Final.jar:/home/lurianne/netbeans-8.2/java/modules/ext/hibernate4/slf4j-api-1.6.1.jar:/home/lurianne/netbeans-8.2/java/modules/ext/hibernate4/slf4j-simple-1.6.1.jar:/home/lurianne/netbeans-8.2/java/modules/ext/hibernate4/hibernate-jpa-2.1-api-1.0.0.Final.jar" />
    <property name="libs.JAXB-ENDORSED.src" value="" />
    <property name="dist.archive.excludes" value="" />
    <property name="libs.testng.javadoc" value="/home/lurianne/netbeans-8.2/platform/docs/testng-6.8.1-javadoc.zip" />
    <property name="libs.PostgreSQLDriver.classpath" value="/home/lurianne/Documents/sis2/Fail/2doRound/lib/../postgresql-42.2.2.jar" />
    <property name="libs.hibernate4-persistencemodelgen.classpath" value="/home/lurianne/netbeans-8.2/java/modules/ext/hibernate4/hibernate-jpamodelgen-4.3.1.Final.jar" />
    <property name="annotation.processing.source.output" value="build/generated-sources/ap-source-output" />
    <property name="main.class" value="main.main" />
    <property name="libs.CopyLibs.displayName" value="CopyLibs Task" />
    <property name="libs.CopyLibs.src" value="" />
    <property name="build.dir" value="build" />
    <property name="ant.version" value="Apache Ant(TM) version 1.9.7 compiled on April 9 2016" />
    <property name="build.classes.excludes" value="**/*.java,**/*.form" />
    <property name="file.encoding" value="UTF-8" />
    <property name="jdkBug6558476" value="false" />
    <property name="javadoc.nonavbar" value="false" />
    <property name="platform.active" value="default_platform" />
    <property name="awt.toolkit" value="sun.awt.X11.XToolkit" />
    <property name="/home/lurianne/Documents/sis2/Fail/2doRound/lib/PostgreSQLDriver/postgresql-42.2.2.jar" value="" />
    <property name="" value="======" />
  </properties>
  <testcase classname="InstanciaIT" name="testSetMateria" time="0.001" />
  <testcase classname="InstanciaIT" name="testGetN" time="0.001" />
  <testcase classname="InstanciaIT" name="testSetN" time="0.0" />
  <testcase classname="InstanciaIT" name="testGetNota" time="0.001" />
  <testcase classname="InstanciaIT" name="testGetHabilitado" time="0.0" />
  <testcase classname="InstanciaIT" name="testGetCodigoSis" time="0.0" />
  <testcase classname="InstanciaIT" name="testSetHabilitado" time="0.0" />
  <testcase classname="InstanciaIT" name="testGetMateria" time="0.0" />
  <testcase classname="InstanciaIT" name="testSetCodigoSis" time="0.0" />
  <testcase classname="InstanciaIT" name="testSetNota" time="0.0" />
  <system-out><![CDATA[setMateria
getN
setN
getNota
getHabilitado
getCodigoSis
setHabilitado
getMateria
setCodigoSis
setNota
]]></system-out>
  <system-err><![CDATA[]]></system-err>
</testsuite>
